c:\users\kenichirou\source\repos\winmem\winmem\x64\release\vc142.pdb
c:\users\kenichirou\source\repos\winmem\winmem\x64\release\winmem.obj
c:\users\kenichirou\source\repos\winmem\x64\release\winmem\winmem.cat
c:\users\kenichirou\source\repos\winmem\x64\release\winmem.sys
c:\users\kenichirou\source\repos\winmem\x64\release\winmem.pdb
c:\users\kenichirou\source\repos\winmem\winmem\x64\release\winmem.inf
c:\users\kenichirou\source\repos\winmem\x64\release\winmem.cer
c:\users\kenichirou\source\repos\winmem\x64\release\winmem.inf
c:\users\kenichirou\source\repos\winmem\winmem\x64\release\winmem.tlog\cl.command.1.tlog
c:\users\kenichirou\source\repos\winmem\winmem\x64\release\winmem.tlog\cl.read.1.tlog
c:\users\kenichirou\source\repos\winmem\winmem\x64\release\winmem.tlog\cl.write.1.tlog
c:\users\kenichirou\source\repos\winmem\winmem\x64\release\winmem.tlog\inf2cat-expand.6164.read.1.tlog
c:\users\kenichirou\source\repos\winmem\winmem\x64\release\winmem.tlog\inf2cat-expand.6164.write.1.tlog
c:\users\kenichirou\source\repos\winmem\winmem\x64\release\winmem.tlog\inf2cat-expand.read.1.tlog
c:\users\kenichirou\source\repos\winmem\winmem\x64\release\winmem.tlog\inf2cat-expand.write.1.tlog
c:\users\kenichirou\source\repos\winmem\winmem\x64\release\winmem.tlog\inf2cat.command.1.tlog
c:\users\kenichirou\source\repos\winmem\winmem\x64\release\winmem.tlog\inf2cat.read.1.tlog
c:\users\kenichirou\source\repos\winmem\winmem\x64\release\winmem.tlog\inf2cat.read.4.tlog
c:\users\kenichirou\source\repos\winmem\winmem\x64\release\winmem.tlog\inf2cat.write.1.tlog
c:\users\kenichirou\source\repos\winmem\winmem\x64\release\winmem.tlog\link.command.1.tlog
c:\users\kenichirou\source\repos\winmem\winmem\x64\release\winmem.tlog\link.read.1.tlog
c:\users\kenichirou\source\repos\winmem\winmem\x64\release\winmem.tlog\link.write.1.tlog
c:\users\kenichirou\source\repos\winmem\winmem\x64\release\winmem.tlog\signtool.command.1.tlog
c:\users\kenichirou\source\repos\winmem\winmem\x64\release\winmem.tlog\signtool.read.1.tlog
c:\users\kenichirou\source\repos\winmem\winmem\x64\release\winmem.tlog\signtool.timestamp.1.tlog
c:\users\kenichirou\source\repos\winmem\winmem\x64\release\winmem.tlog\signtool.write.1.tlog
c:\users\kenichirou\source\repos\winmem\winmem\x64\release\winmem.tlog\stampinf.command.1.tlog
c:\users\kenichirou\source\repos\winmem\winmem\x64\release\winmem.tlog\stampinf.read.1.tlog
c:\users\kenichirou\source\repos\winmem\winmem\x64\release\winmem.tlog\stampinf.write.1.tlog
